  krowka1.cpp
c:\users\dorot\documents\github\unreal\project2\project2\krowka.h(29): error C2011: "krowka'': "struct" wpisz ponownie definicję
  c:\users\dorot\documents\github\unreal\project2\project2\krowka.h(7): note: zobacz deklarację „krowka”
c:\users\dorot\documents\github\unreal\project2\project2\krowka1.cpp(5): error C2027: wykorzystanie niezdefiniowanego przez użytkownika typu "krowka"
  c:\users\dorot\documents\github\unreal\project2\project2\krowka.h(7): note: zobacz deklarację „krowka”
c:\users\dorot\documents\github\unreal\project2\project2\krowka1.cpp(5): error C4430: brak specyfikatora typu - założono, że int. Uwaga: C++ nie obsługuje domyślnie typu int
c:\users\dorot\documents\github\unreal\project2\project2\krowka1.cpp(5): error C3861: "Reset": identyfikatora nie odnaleziono
c:\users\dorot\documents\github\unreal\project2\project2\krowka1.cpp(5): warning C4508: "{ctor}": funkcja powinna zwrócić wartość; założono typ zwracany "void"
c:\users\dorot\documents\github\unreal\project2\project2\krowka1.cpp(7): error C2027: wykorzystanie niezdefiniowanego przez użytkownika typu "krowka"
  c:\users\dorot\documents\github\unreal\project2\project2\krowka.h(7): note: zobacz deklarację „krowka”
c:\users\dorot\documents\github\unreal\project2\project2\krowka1.cpp(7): error C2270: "GetMaxTries": modyfikatory niedozwolone dla funkcji niebędących funkcjami członkowskimi
c:\users\dorot\documents\github\unreal\project2\project2\krowka1.cpp(7): error C2065: "MyMaxTries": niezadeklarowany identyfikator
c:\users\dorot\documents\github\unreal\project2\project2\krowka1.cpp(8): error C2027: wykorzystanie niezdefiniowanego przez użytkownika typu "krowka"
  c:\users\dorot\documents\github\unreal\project2\project2\krowka.h(7): note: zobacz deklarację „krowka”
c:\users\dorot\documents\github\unreal\project2\project2\krowka1.cpp(8): error C2270: "GetCurrentTry": modyfikatory niedozwolone dla funkcji niebędących funkcjami członkowskimi
c:\users\dorot\documents\github\unreal\project2\project2\krowka1.cpp(8): error C2065: "MyCurrentTry": niezadeklarowany identyfikator
c:\users\dorot\documents\github\unreal\project2\project2\krowka1.cpp(9): error C2027: wykorzystanie niezdefiniowanego przez użytkownika typu "krowka"
  c:\users\dorot\documents\github\unreal\project2\project2\krowka.h(7): note: zobacz deklarację „krowka”
c:\users\dorot\documents\github\unreal\project2\project2\krowka1.cpp(9): error C2270: "GetHiddenWordLength": modyfikatory niedozwolone dla funkcji niebędących funkcjami członkowskimi
c:\users\dorot\documents\github\unreal\project2\project2\krowka1.cpp(9): error C2065: "MyHiddenWord": niezadeklarowany identyfikator
c:\users\dorot\documents\github\unreal\project2\project2\krowka1.cpp(11): error C2027: wykorzystanie niezdefiniowanego przez użytkownika typu "krowka"
  c:\users\dorot\documents\github\unreal\project2\project2\krowka.h(7): note: zobacz deklarację „krowka”
c:\users\dorot\documents\github\unreal\project2\project2\krowka1.cpp(14): error C2065: "MyMaxTries": niezadeklarowany identyfikator
c:\users\dorot\documents\github\unreal\project2\project2\krowka1.cpp(17): error C2065: "MyHiddenWord": niezadeklarowany identyfikator
c:\users\dorot\documents\github\unreal\project2\project2\krowka1.cpp(19): error C2065: "MyCurrentTry": niezadeklarowany identyfikator
c:\users\dorot\documents\github\unreal\project2\project2\krowka1.cpp(22): error C2059: błąd składniowy: „}”
c:\users\dorot\documents\github\unreal\project2\project2\krowka1.cpp(24): error C2027: wykorzystanie niezdefiniowanego przez użytkownika typu "krowka"
  c:\users\dorot\documents\github\unreal\project2\project2\krowka.h(7): note: zobacz deklarację „krowka”
c:\users\dorot\documents\github\unreal\project2\project2\krowka1.cpp(25): error C2270: "IsGameWon": modyfikatory niedozwolone dla funkcji niebędących funkcjami członkowskimi
c:\users\dorot\documents\github\unreal\project2\project2\krowka1.cpp(29): error C2027: wykorzystanie niezdefiniowanego przez użytkownika typu "krowka"
  c:\users\dorot\documents\github\unreal\project2\project2\krowka.h(7): note: zobacz deklarację „krowka”
c:\users\dorot\documents\github\unreal\project2\project2\krowka1.cpp(30): error C2270: "CheckGuessValidity": modyfikatory niedozwolone dla funkcji niebędących funkcjami członkowskimi
c:\users\dorot\documents\github\unreal\project2\project2\krowka1.cpp(49): error C2027: wykorzystanie niezdefiniowanego przez użytkownika typu "krowka"
  c:\users\dorot\documents\github\unreal\project2\project2\krowka.h(7): note: zobacz deklarację „krowka”
c:\users\dorot\documents\github\unreal\project2\project2\krowka1.cpp(50): error C2027: wykorzystanie niezdefiniowanego przez użytkownika typu "krowka"
  c:\users\dorot\documents\github\unreal\project2\project2\krowka.h(7): note: zobacz deklarację „krowka”
c:\users\dorot\documents\github\unreal\project2\project2\krowka1.cpp(51): error C2065: "MyCurrentTry": niezadeklarowany identyfikator
c:\users\dorot\documents\github\unreal\project2\project2\krowka1.cpp(53): error C2079: "krowka" używa niezdefiniowanego struct "krowka"
c:\users\dorot\documents\github\unreal\project2\project2\krowka1.cpp(54): error C2065: "MyHiddenWord": niezadeklarowany identyfikator
c:\users\dorot\documents\github\unreal\project2\project2\krowka1.cpp(57): error C2065: "MyHiddenWord": niezadeklarowany identyfikator
c:\users\dorot\documents\github\unreal\project2\project2\krowka1.cpp(69): error C2059: błąd składniowy: „return”
  Źródło.cpp
c:\users\dorot\documents\github\unreal\project2\project2\krowka.h(29): error C2011: "krowka'': "struct" wpisz ponownie definicję
  c:\users\dorot\documents\github\unreal\project2\project2\krowka.h(7): note: zobacz deklarację „krowka”
c:\users\dorot\documents\github\unreal\project2\project2\krowka1.cpp(5): error C2027: wykorzystanie niezdefiniowanego przez użytkownika typu "krowka"
  c:\users\dorot\documents\github\unreal\project2\project2\krowka.h(7): note: zobacz deklarację „krowka”
c:\users\dorot\documents\github\unreal\project2\project2\krowka1.cpp(5): error C4430: brak specyfikatora typu - założono, że int. Uwaga: C++ nie obsługuje domyślnie typu int
c:\users\dorot\documents\github\unreal\project2\project2\krowka1.cpp(5): error C3861: "Reset": identyfikatora nie odnaleziono
c:\users\dorot\documents\github\unreal\project2\project2\krowka1.cpp(5): warning C4508: "{ctor}": funkcja powinna zwrócić wartość; założono typ zwracany "void"
c:\users\dorot\documents\github\unreal\project2\project2\krowka1.cpp(7): error C2027: wykorzystanie niezdefiniowanego przez użytkownika typu "krowka"
  c:\users\dorot\documents\github\unreal\project2\project2\krowka.h(7): note: zobacz deklarację „krowka”
c:\users\dorot\documents\github\unreal\project2\project2\krowka1.cpp(7): error C2270: "GetMaxTries": modyfikatory niedozwolone dla funkcji niebędących funkcjami członkowskimi
c:\users\dorot\documents\github\unreal\project2\project2\krowka1.cpp(7): error C2065: "MyMaxTries": niezadeklarowany identyfikator
c:\users\dorot\documents\github\unreal\project2\project2\krowka1.cpp(8): error C2027: wykorzystanie niezdefiniowanego przez użytkownika typu "krowka"
  c:\users\dorot\documents\github\unreal\project2\project2\krowka.h(7): note: zobacz deklarację „krowka”
c:\users\dorot\documents\github\unreal\project2\project2\krowka1.cpp(8): error C2270: "GetCurrentTry": modyfikatory niedozwolone dla funkcji niebędących funkcjami członkowskimi
c:\users\dorot\documents\github\unreal\project2\project2\krowka1.cpp(8): error C2065: "MyCurrentTry": niezadeklarowany identyfikator
c:\users\dorot\documents\github\unreal\project2\project2\krowka1.cpp(9): error C2027: wykorzystanie niezdefiniowanego przez użytkownika typu "krowka"
  c:\users\dorot\documents\github\unreal\project2\project2\krowka.h(7): note: zobacz deklarację „krowka”
c:\users\dorot\documents\github\unreal\project2\project2\krowka1.cpp(9): error C2270: "GetHiddenWordLength": modyfikatory niedozwolone dla funkcji niebędących funkcjami członkowskimi
c:\users\dorot\documents\github\unreal\project2\project2\krowka1.cpp(9): error C2065: "MyHiddenWord": niezadeklarowany identyfikator
c:\users\dorot\documents\github\unreal\project2\project2\krowka1.cpp(11): error C2027: wykorzystanie niezdefiniowanego przez użytkownika typu "krowka"
  c:\users\dorot\documents\github\unreal\project2\project2\krowka.h(7): note: zobacz deklarację „krowka”
c:\users\dorot\documents\github\unreal\project2\project2\krowka1.cpp(14): error C2065: "MyMaxTries": niezadeklarowany identyfikator
c:\users\dorot\documents\github\unreal\project2\project2\krowka1.cpp(17): error C2065: "MyHiddenWord": niezadeklarowany identyfikator
c:\users\dorot\documents\github\unreal\project2\project2\krowka1.cpp(19): error C2065: "MyCurrentTry": niezadeklarowany identyfikator
c:\users\dorot\documents\github\unreal\project2\project2\krowka1.cpp(22): error C2059: błąd składniowy: „}”
c:\users\dorot\documents\github\unreal\project2\project2\krowka1.cpp(24): error C2027: wykorzystanie niezdefiniowanego przez użytkownika typu "krowka"
  c:\users\dorot\documents\github\unreal\project2\project2\krowka.h(7): note: zobacz deklarację „krowka”
c:\users\dorot\documents\github\unreal\project2\project2\krowka1.cpp(25): error C2270: "IsGameWon": modyfikatory niedozwolone dla funkcji niebędących funkcjami członkowskimi
c:\users\dorot\documents\github\unreal\project2\project2\krowka1.cpp(29): error C2027: wykorzystanie niezdefiniowanego przez użytkownika typu "krowka"
  c:\users\dorot\documents\github\unreal\project2\project2\krowka.h(7): note: zobacz deklarację „krowka”
c:\users\dorot\documents\github\unreal\project2\project2\krowka1.cpp(30): error C2270: "CheckGuessValidity": modyfikatory niedozwolone dla funkcji niebędących funkcjami członkowskimi
c:\users\dorot\documents\github\unreal\project2\project2\krowka1.cpp(49): error C2027: wykorzystanie niezdefiniowanego przez użytkownika typu "krowka"
  c:\users\dorot\documents\github\unreal\project2\project2\krowka.h(7): note: zobacz deklarację „krowka”
c:\users\dorot\documents\github\unreal\project2\project2\krowka1.cpp(50): error C2027: wykorzystanie niezdefiniowanego przez użytkownika typu "krowka"
  c:\users\dorot\documents\github\unreal\project2\project2\krowka.h(7): note: zobacz deklarację „krowka”
c:\users\dorot\documents\github\unreal\project2\project2\krowka1.cpp(51): error C2065: "MyCurrentTry": niezadeklarowany identyfikator
c:\users\dorot\documents\github\unreal\project2\project2\krowka1.cpp(53): error C2079: "krowka" używa niezdefiniowanego struct "krowka"
c:\users\dorot\documents\github\unreal\project2\project2\krowka1.cpp(54): error C2065: "MyHiddenWord": niezadeklarowany identyfikator
c:\users\dorot\documents\github\unreal\project2\project2\krowka1.cpp(57): error C2065: "MyHiddenWord": niezadeklarowany identyfikator
c:\users\dorot\documents\github\unreal\project2\project2\krowka1.cpp(69): error C2059: błąd składniowy: „return”
c:\users\dorot\documents\github\unreal\project2\project2\źródło.cpp(14): error C2079: "BCGame" używa niezdefiniowanego struct "krowka"
c:\users\dorot\documents\github\unreal\project2\project2\źródło.cpp(27): error C2065: "bPlayAgain": niezadeklarowany identyfikator
c:\users\dorot\documents\github\unreal\project2\project2\źródło.cpp(59): error C2079: "BCGameSubmitGuess" używa niezdefiniowanego struct "krowka"
c:\users\dorot\documents\github\unreal\project2\project2\źródło.cpp(59): error C2440: "inicjowanie": nie można konwertować z "FText" na "int"
  c:\users\dorot\documents\github\unreal\project2\project2\źródło.cpp(59): note: Nie jest dostępny żaden operator konwersji zdefiniowany przez użytkownika, który mógłby wykonać tę konwersję lub operator nie może zostać wywołany
c:\users\dorot\documents\github\unreal\project2\project2\źródło.cpp(60): error C2065: "krowka1": niezadeklarowany identyfikator
c:\users\dorot\documents\github\unreal\project2\project2\źródło.cpp(61): error C2065: "krowka1": niezadeklarowany identyfikator
c:\users\dorot\documents\github\unreal\project2\project2\źródło.cpp(61): error C2059: błąd składniowy: „<<”
c:\users\dorot\documents\github\unreal\project2\project2\źródło.cpp(73): error C2672: „std::getline”: nie znaleziono zgodnej przeciążonej funkcji
c:\users\dorot\documents\github\unreal\project2\project2\źródło.cpp(73): error C2780: "std::basic_istream<_Elem,_Traits> &std::getline(std::basic_istream<_Elem,_Traits> &,std::basic_string<_Elem,_Traits,_Alloc> &)": oczekuje się 2 argumentów - dostarczono 1
  c:\program files (x86)\microsoft visual studio\2017\community\vc\tools\msvc\14.16.27023\include\string(160): note: zobacz deklarację „std::getline”
c:\users\dorot\documents\github\unreal\project2\project2\źródło.cpp(73): error C2780: "std::basic_istream<_Elem,_Traits> &std::getline(std::basic_istream<_Elem,_Traits> &,std::basic_string<_Elem,_Traits,_Alloc> &,const _Elem)": oczekuje się 3 argumentów - dostarczono 1
  c:\program files (x86)\microsoft visual studio\2017\community\vc\tools\msvc\14.16.27023\include\string(149): note: zobacz deklarację „std::getline”
c:\users\dorot\documents\github\unreal\project2\project2\źródło.cpp(73): error C2780: "std::basic_istream<_Elem,_Traits> &std::getline(std::basic_istream<_Elem,_Traits> &&,std::basic_string<_Elem,_Traits,_Alloc> &)": oczekuje się 2 argumentów - dostarczono 1
  c:\program files (x86)\microsoft visual studio\2017\community\vc\tools\msvc\14.16.27023\include\string(129): note: zobacz deklarację „std::getline”
c:\users\dorot\documents\github\unreal\project2\project2\źródło.cpp(73): error C2780: "std::basic_istream<_Elem,_Traits> &std::getline(std::basic_istream<_Elem,_Traits> &&,std::basic_string<_Elem,_Traits,_Alloc> &,const _Elem)": oczekuje się 3 argumentów - dostarczono 1
  c:\program files (x86)\microsoft visual studio\2017\community\vc\tools\msvc\14.16.27023\include\string(76): note: zobacz deklarację „std::getline”
  Generowanie kodu...
